<?xml version="1.0" encoding="UTF-8"?>
<testsuite name="com.cedaniel200.app.runners.Restar" tests="0" skipped="0" failures="0" errors="0" timestamp="1970-01-01T00:00:00" hostname="DLLORCA10" time="0.0">
  <properties/>
  <system-out><![CDATA[
2 Scenarios (?[33m2 undefined?[0m)
8 Steps (?[33m8 undefined?[0m)
0m0,721s


You can implement missing steps with the snippets below:


@Given("^quiero restar$")
public void quieroRestar() {
    // Write code here that turns the phrase above into concrete actions
    throw new PendingException();
}

@When("^cuando resto (\\d+) menos (\\d+)$")
public void cuandoRestoMenos(int arg1, int arg2) {
    // Write code here that turns the phrase above into concrete actions
    throw new PendingException();
}

@Then("^deberia ver que el resultado de la resta es (\\d+)$")
public void deberiaVerQueElResultadoDeLaRestaEs(int arg1) {
    // Write code here that turns the phrase above into concrete actions
    throw new PendingException();
}

@Then("^parametre 'hola'$")
public void parametreHola() {
    // Write code here that turns the phrase above into concrete actions
    throw new PendingException();
}

@Then("^parametre 'adeu'$")
public void parametreAdeu() {
    // Write code here that turns the phrase above into concrete actions
    throw new PendingException();
}

]]></system-out>
  <system-err><![CDATA[[Test worker] INFO net.thucydides.core.steps.ConsoleLoggingListener - 

-------------------------------------------------------------------------------------
     _______. _______ .______       _______ .__   __.  __  .___________.____    ____ 
    /       ||   ____||   _  \     |   ____||  \ |  | |  | |           |\   \  /   / 
   |   (----`|  |__   |  |_)  |    |  |__   |   \|  | |  | `---|  |----` \   \/   /  
    \   \    |   __|  |      /     |   __|  |  . `  | |  |     |  |       \_    _/   
.----)   |   |  |____ |  |\  \----.|  |____ |  |\   | |  |     |  |         |  |     
|_______/    |_______|| _| `._____||_______||__| \__| |__|     |__|         |__|    
                                                                                     
 News and tutorials at http://www.serenity-bdd.info                                  
 Documentation at https://wakaleo.gitbooks.io/the-serenity-book/content/             
 Join the Serenity Community on Rocket Chat at https://serenity-bdd.rocket.chat      
 Serenity BDD Support and Training at http://serenity-bdd.info/#/trainingandsupport  
 Learn Serenity BDD online at http://serenity-dojo.com                               
-------------------------------------------------------------------------------------

[Test worker] INFO net.thucydides.core.steps.ConsoleLoggingListener - Test Suite Started: Restar
[Test worker] INFO net.thucydides.core.steps.ConsoleLoggingListener - 
 _____ _____ ____ _____   ____ _____  _    ____ _____ _____ ____  
|_   _| ____/ ___|_   _| / ___|_   _|/ \  |  _ \_   _| ____|  _ \ 
  | | |  _| \___ \ | |   \___ \ | | / _ \ | |_) || | |  _| | | | |
  | | | |___ ___) || |    ___) || |/ ___ \|  _ < | | | |___| |_| |
  |_| |_____|____/ |_|   |____/ |_/_/   \_\_| \_\|_| |_____|____/ 
                                                                  

TEST STARTED: Restar dos numeros enteros
-------------------------------------------------------------------(restar;restar-dos-numeros-enteros)
]]></system-err>
</testsuite>
